Using pre-set license
Built from '6000.0/staging' branch; Version is '6000.0.38f1 (82314a941f2d) revision 8532298'; Using compiler version '193933523'; Build Type 'Release'
OS: 'Windows 11  (10.0.26100) 64bit ProfessionalEducation' Language: 'es' Physical Memory: 16104 MB
BatchMode: 1, IsHumanControllingUs: 0, StartBugReporterOnCrash: 0, Is64bit: 1, IsPro: 1

COMMAND LINE ARGUMENTS:
D:\Program Files\Unity\Unity Hub\6000.0.38f1\Editor\Unity.exe
-adb2
-batchMode
-noUpm
-name
AssetImportWorker2
-projectPath
D:/Deadzone-Last-Stand/DeadZone-Last-Stand.0.1
-logFile
Logs/AssetImportWorker2.log
-srvPort
63676
-job-worker-count
7
-background-job-worker-count
8
-gc-helper-count
1
Successfully changed project path to: D:/Deadzone-Last-Stand/DeadZone-Last-Stand.0.1
D:/Deadzone-Last-Stand/DeadZone-Last-Stand.0.1
[UnityMemory] Configuration Parameters - Can be set up in boot.config
    "memorysetup-bucket-allocator-granularity=16"
    "memorysetup-bucket-allocator-bucket-count=8"
    "memorysetup-bucket-allocator-block-size=33554432"
    "memorysetup-bucket-allocator-block-count=8"
    "memorysetup-main-allocator-block-size=16777216"
    "memorysetup-thread-allocator-block-size=16777216"
    "memorysetup-gfx-main-allocator-block-size=16777216"
    "memorysetup-gfx-thread-allocator-block-size=16777216"
    "memorysetup-cache-allocator-block-size=4194304"
    "memorysetup-typetree-allocator-block-size=2097152"
    "memorysetup-profiler-bucket-allocator-granularity=16"
    "memorysetup-profiler-bucket-allocator-bucket-count=8"
    "memorysetup-profiler-bucket-allocator-block-size=33554432"
    "memorysetup-profiler-bucket-allocator-block-count=8"
    "memorysetup-profiler-allocator-block-size=16777216"
    "memorysetup-profiler-editor-allocator-block-size=1048576"
    "memorysetup-temp-allocator-size-main=16777216"
    "memorysetup-job-temp-allocator-block-size=2097152"
    "memorysetup-job-temp-allocator-block-size-background=1048576"
    "memorysetup-job-temp-allocator-reduction-small-platforms=262144"
    "memorysetup-allocator-temp-initial-block-size-main=262144"
    "memorysetup-allocator-temp-initial-block-size-worker=262144"
    "memorysetup-temp-allocator-size-background-worker=32768"
    "memorysetup-temp-allocator-size-job-worker=262144"
    "memorysetup-temp-allocator-size-preload-manager=33554432"
    "memorysetup-temp-allocator-size-nav-mesh-worker=65536"
    "memorysetup-temp-allocator-size-audio-worker=65536"
    "memorysetup-temp-allocator-size-cloud-worker=32768"
    "memorysetup-temp-allocator-size-gi-baking-worker=262144"
    "memorysetup-temp-allocator-size-gi-baking-worker=262144"
    "memorysetup-temp-allocator-size-gi-baking-worker=262144"
    "memorysetup-temp-allocator-size-gi-baking-worker=262144"
    "memorysetup-temp-allocator-size-gi-baking-worker=262144"
    "memorysetup-temp-allocator-size-gfx=262144"
Player connection [20916]  Target information:

Player connection [20916]  * "[IP] 172.29.48.1 [Port] 0 [Flags] 2 [Guid] 2221974619 [EditorId] 2221974619 [Version] 1048832 [Id] WindowsEditor(7,DESKTOP-5V0QS7U) [Debug] 1 [PackageName] WindowsEditor [ProjectName] Editor" 

Player connection [20916]  * "[IP] 192.168.56.1 [Port] 0 [Flags] 2 [Guid] 2221974619 [EditorId] 2221974619 [Version] 1048832 [Id] WindowsEditor(7,DESKTOP-5V0QS7U) [Debug] 1 [PackageName] WindowsEditor [ProjectName] Editor" 

Player connection [20916]  * "[IP] 192.168.1.132 [Port] 0 [Flags] 2 [Guid] 2221974619 [EditorId] 2221974619 [Version] 1048832 [Id] WindowsEditor(7,DESKTOP-5V0QS7U) [Debug] 1 [PackageName] WindowsEditor [ProjectName] Editor" 

Player connection [20916] Host joined multi-casting on [225.0.0.222:54997]...
Player connection [20916] Host joined alternative multi-casting on [225.0.0.222:34997]...
JobSystem: Creating JobQueue using job-worker-count value 7
Input System module state changed to: Initialized.
[Physics::Module] Initialized fallback backend.
[Physics::Module] Id: 0xdecafbad
Library Redirect Path: Library/
[Physics::Module] Selected backend.
[Physics::Module] Name: PhysX
[Physics::Module] Id: 0xf2b8ea05
[Physics::Module] SDK Version: 4.1.2
[Physics::Module] Integration Version: 1.0.0
[Physics::Module] Threading Mode: Multi-Threaded
Refreshing native plugins compatible for Editor in 1.40 ms, found 4 plugins.
Preloading 0 native plugins for Editor in 0.00 ms.
Initialize engine version: 6000.0.38f1 (82314a941f2d)
[Subsystems] Discovering subsystems at path D:/Program Files/Unity/Unity Hub/6000.0.38f1/Editor/Data/Resources/UnitySubsystems
[Subsystems] Discovering subsystems at path D:/Deadzone-Last-Stand/DeadZone-Last-Stand.0.1/Assets
GfxDevice: creating device client; kGfxThreadingModeNonThreaded
Direct3D:
    Version:  Direct3D 11.0 [level 11.1]
    Renderer: NVIDIA GeForce RTX 4060 Laptop GPU (ID=0x28a0)
    Vendor:   NVIDIA
    VRAM:     7957 MB
    Driver:   32.0.15.7628
Initialize mono
Mono path[0] = 'D:/Program Files/Unity/Unity Hub/6000.0.38f1/Editor/Data/Managed'
Mono path[1] = 'D:/Program Files/Unity/Unity Hub/6000.0.38f1/Editor/Data/MonoBleedingEdge/lib/mono/unityjit-win32'
Mono config path = 'D:/Program Files/Unity/Unity Hub/6000.0.38f1/Editor/Data/MonoBleedingEdge/etc'
Using monoOptions --debugger-agent=transport=dt_socket,embedding=1,server=y,suspend=n,address=127.0.0.1:56684
Begin MonoManager ReloadAssembly
Registering precompiled unity dll's ...
Register platform support module: D:/Program Files/Unity/Unity Hub/6000.0.38f1/Editor/Data/PlaybackEngines/WebGLSupport/UnityEditor.WebGL.Extensions.dll
Register platform support module: D:/Program Files/Unity/Unity Hub/6000.0.38f1/Editor/Data/PlaybackEngines/WindowsStandaloneSupport/UnityEditor.WindowsStandalone.Extensions.dll
Register platform support module: D:/Program Files/Unity/Unity Hub/6000.0.38f1/Editor/Data/PlaybackEngines/AndroidPlayer/UnityEditor.Android.Extensions.dll
Registered in 0.002409 seconds.
- Loaded All Assemblies, in  0.363 seconds
Native extension for Android target not found
Android Extension - Scanning For ADB Devices 273 ms
Native extension for WindowsStandalone target not found
Native extension for WebGL target not found
Mono: successfully reloaded assembly
- Finished resetting the current domain, in  0.658 seconds
Domain Reload Profiling: 1021ms
	BeginReloadAssembly (117ms)
		ExecutionOrderSort (0ms)
		DisableScriptedObjects (0ms)
		BackupInstance (0ms)
		ReleaseScriptingObjects (0ms)
		CreateAndSetChildDomain (1ms)
	RebuildCommonClasses (29ms)
	RebuildNativeTypeToScriptingClass (11ms)
	initialDomainReloadingComplete (39ms)
	LoadAllAssembliesAndSetupDomain (166ms)
		LoadAssemblies (118ms)
		RebuildTransferFunctionScriptingTraits (0ms)
		AnalyzeDomain (162ms)
			TypeCache.Refresh (160ms)
				TypeCache.ScanAssembly (147ms)
			BuildScriptInfoCaches (0ms)
			ResolveRequiredComponents (1ms)
	FinalizeReload (659ms)
		ReleaseScriptCaches (0ms)
		RebuildScriptCaches (0ms)
		SetupLoadedEditorAssemblies (611ms)
			LogAssemblyErrors (0ms)
			InitializePlatformSupportModulesInManaged (365ms)
			SetLoadedEditorAssemblies (4ms)
			BeforeProcessingInitializeOnLoad (51ms)
			ProcessInitializeOnLoadAttributes (130ms)
			ProcessInitializeOnLoadMethodAttributes (61ms)
			AfterProcessingInitializeOnLoad (0ms)
			EditorAssembliesLoaded (0ms)
		ExecutionOrderSort2 (0ms)
		AwakeInstancesAfterBackupRestoration (0ms)
========================================================================
Worker process is ready to serve import requests
Import Worker Mode flag is 0x00
Begin MonoManager ReloadAssembly
- Loaded All Assemblies, in  0.770 seconds
Refreshing native plugins compatible for Editor in 1.14 ms, found 4 plugins.
Native extension for Android target not found
Native extension for WindowsStandalone target not found
Native extension for WebGL target not found
Mono: successfully reloaded assembly
- Finished resetting the current domain, in  0.967 seconds
Domain Reload Profiling: 1737ms
	BeginReloadAssembly (154ms)
		ExecutionOrderSort (0ms)
		DisableScriptedObjects (5ms)
		BackupInstance (0ms)
		ReleaseScriptingObjects (0ms)
		CreateAndSetChildDomain (30ms)
	RebuildCommonClasses (33ms)
	RebuildNativeTypeToScriptingClass (10ms)
	initialDomainReloadingComplete (35ms)
	LoadAllAssembliesAndSetupDomain (537ms)
		LoadAssemblies (357ms)
		RebuildTransferFunctionScriptingTraits (0ms)
		AnalyzeDomain (270ms)
			TypeCache.Refresh (221ms)
				TypeCache.ScanAssembly (198ms)
			BuildScriptInfoCaches (38ms)
			ResolveRequiredComponents (8ms)
	FinalizeReload (968ms)
		ReleaseScriptCaches (0ms)
		RebuildScriptCaches (0ms)
		SetupLoadedEditorAssemblies (858ms)
			LogAssemblyErrors (0ms)
			InitializePlatformSupportModulesInManaged (11ms)
			SetLoadedEditorAssemblies (4ms)
			BeforeProcessingInitializeOnLoad (96ms)
			ProcessInitializeOnLoadAttributes (711ms)
			ProcessInitializeOnLoadMethodAttributes (33ms)
			AfterProcessingInitializeOnLoad (3ms)
			EditorAssembliesLoaded (0ms)
		ExecutionOrderSort2 (0ms)
		AwakeInstancesAfterBackupRestoration (5ms)
Launched and connected shader compiler UnityShaderCompiler.exe after 0.01 seconds
Refreshing native plugins compatible for Editor in 1.99 ms, found 4 plugins.
Preloading 0 native plugins for Editor in 0.00 ms.
Unloading 30 Unused Serialized files (Serialized files now loaded: 0)
Unloading 5012 unused Assets / (2.0 MB). Loaded Objects now: 5503.
Memory consumption went from 101.4 MB to 99.4 MB.
Total: 11.092900 ms (FindLiveObjects: 0.866800 ms CreateObjectMapping: 0.731900 ms MarkObjects: 7.429000 ms  DeleteObjects: 2.063600 ms)

========================================================================
Received Import Request.
  Time since last request: 181721.692299 seconds.
  path: Assets/TextMesh Pro/Examples & Extras/Textures/Floor Tiles 1 - diffuse.jpg
  artifactKey: Guid(85ac55597b97403c82fc6601a93cf241) Importer(2089858483,192608db42251d675da83286b1cce702)
Start importing Assets/TextMesh Pro/Examples & Extras/Textures/Floor Tiles 1 - diffuse.jpg using Guid(85ac55597b97403c82fc6601a93cf241) Importer(2089858483,192608db42251d675da83286b1cce702) (ScriptedImporter) -> (artifact id: '14ff4e057aad57c6d81410ddb9ec026d') in 0.1232779 seconds
Number of updated asset objects reloaded before import = 0Number of asset objects unloaded after import = 1

========================================================================
Received Import Request.
  Time since last request: 0.000018 seconds.
  path: Assets/fondos/imglog.png
  artifactKey: Guid(b0ab8136ea0250c488cf187bc2f47983) Importer(2089858483,192608db42251d675da83286b1cce702)
Start importing Assets/fondos/imglog.png using Guid(b0ab8136ea0250c488cf187bc2f47983) Importer(2089858483,192608db42251d675da83286b1cce702) (ScriptedImporter) -> (artifact id: 'f168bd2be08eef08d3466dc23c2127a2') in 0.0361624 seconds
Number of updated asset objects reloaded before import = 0Number of asset objects unloaded after import = 3

========================================================================
Received Import Request.
  Time since last request: 0.000332 seconds.
  path: Assets/TextMesh Pro/Examples & Extras/Resources/Color Gradient Presets
  artifactKey: Guid(7f422cd1388b01047a58cd07c7a23d9d) Importer(2089858483,192608db42251d675da83286b1cce702)
Start importing Assets/TextMesh Pro/Examples & Extras/Resources/Color Gradient Presets using Guid(7f422cd1388b01047a58cd07c7a23d9d) Importer(2089858483,192608db42251d675da83286b1cce702) (ScriptedImporter) -> (artifact id: '8ed43b58c231e067cd619b941e0686ed') in 0.0113714 seconds
Number of updated asset objects reloaded before import = 0Number of asset objects unloaded after import = 1

========================================================================
Received Import Request.
  Time since last request: 0.000366 seconds.
  path: Assets/TextMesh Pro/Examples & Extras/Textures
  artifactKey: Guid(6e5c6d5e25574122a7a12dbdbbeed156) Importer(2089858483,192608db42251d675da83286b1cce702)
Start importing Assets/TextMesh Pro/Examples & Extras/Textures using Guid(6e5c6d5e25574122a7a12dbdbbeed156) Importer(2089858483,192608db42251d675da83286b1cce702) (ScriptedImporter) -> (artifact id: 'a5a2f283507090777732900359ae65c6') in 0.0129604 seconds
Number of updated asset objects reloaded before import = 0Number of asset objects unloaded after import = 1

========================================================================
Received Import Request.
  Time since last request: 0.000263 seconds.
  path: Assets/TextMesh Pro/Examples & Extras/Scripts
  artifactKey: Guid(3979ce59e55144c89a2b3b3f8dcf7fd3) Importer(2089858483,192608db42251d675da83286b1cce702)
Start importing Assets/TextMesh Pro/Examples & Extras/Scripts using Guid(3979ce59e55144c89a2b3b3f8dcf7fd3) Importer(2089858483,192608db42251d675da83286b1cce702) (ScriptedImporter) -> (artifact id: '224c062b13c28638b2bb31ed5276d8a6') in 0.0182422 seconds
Number of updated asset objects reloaded before import = 0Number of asset objects unloaded after import = 1

========================================================================
Received Import Request.
  Time since last request: 0.000201 seconds.
  path: Assets/PlayFabEditorExtensions/Editor/Scripts/Utils/PlayFabEditorUtils.cs
  artifactKey: Guid(b422838f8121dc44ca79ceeea8582a50) Importer(2089858483,192608db42251d675da83286b1cce702)
Start importing Assets/PlayFabEditorExtensions/Editor/Scripts/Utils/PlayFabEditorUtils.cs using Guid(b422838f8121dc44ca79ceeea8582a50) Importer(2089858483,192608db42251d675da83286b1cce702) (ScriptedImporter) -> (artifact id: '550e924622158876252064420488c86a') in 0.0155555 seconds
Number of updated asset objects reloaded before import = 0Number of asset objects unloaded after import = 0

========================================================================
Received Import Request.
  Time since last request: 0.000396 seconds.
  path: Assets/TextMesh Pro/Shaders/TMP_SDF-HDRP UNLIT.shadergraph
  artifactKey: Guid(f63d574838ccfb44f84acc05fed0af48) Importer(2089858483,192608db42251d675da83286b1cce702)
Start importing Assets/TextMesh Pro/Shaders/TMP_SDF-HDRP UNLIT.shadergraph using Guid(f63d574838ccfb44f84acc05fed0af48) Importer(2089858483,192608db42251d675da83286b1cce702) (ScriptedImporter) -> (artifact id: '28d4297eafd83a3d1fba9e90311fdef7') in 0.0148233 seconds
Number of updated asset objects reloaded before import = 0Number of asset objects unloaded after import = 1

========================================================================
Received Import Request.
  Time since last request: 0.000246 seconds.
  path: Assets/TextMesh Pro/Shaders/TMP_SDF-Mobile Masking.shader
  artifactKey: Guid(bc1ede39bf3643ee8e493720e4259791) Importer(2089858483,192608db42251d675da83286b1cce702)
Start importing Assets/TextMesh Pro/Shaders/TMP_SDF-Mobile Masking.shader using Guid(bc1ede39bf3643ee8e493720e4259791) Importer(2089858483,192608db42251d675da83286b1cce702) (ScriptedImporter) -> (artifact id: '511adc198278c0adcb07c504adfd065f') in 0.0188301 seconds
Number of updated asset objects reloaded before import = 0Number of asset objects unloaded after import = 1

========================================================================
Received Import Request.
  Time since last request: 0.000309 seconds.
  path: Assets/TextMesh Pro/Shaders/TMP_Sprite.shader
  artifactKey: Guid(cf81c85f95fe47e1a27f6ae460cf182c) Importer(2089858483,192608db42251d675da83286b1cce702)
Start importing Assets/TextMesh Pro/Shaders/TMP_Sprite.shader using Guid(cf81c85f95fe47e1a27f6ae460cf182c) Importer(2089858483,192608db42251d675da83286b1cce702) (ScriptedImporter) -> (artifact id: '9c8efcc342e15e1b86f78ead9b7d66cb') in 0.0138648 seconds
Number of updated asset objects reloaded before import = 0Number of asset objects unloaded after import = 1

========================================================================
Received Import Request.
  Time since last request: 0.000072 seconds.
  path: Assets/TextMesh Pro/Examples & Extras/Scripts/SimpleScript.cs
  artifactKey: Guid(9eff140b25d64601aabc6ba32245d099) Importer(2089858483,192608db42251d675da83286b1cce702)
Start importing Assets/TextMesh Pro/Examples & Extras/Scripts/SimpleScript.cs using Guid(9eff140b25d64601aabc6ba32245d099) Importer(2089858483,192608db42251d675da83286b1cce702) (ScriptedImporter) -> (artifact id: 'b94fa8253f70f5f33ebe0ed2d0ab749b') in 0.0126896 seconds
Number of updated asset objects reloaded before import = 0Number of asset objects unloaded after import = 0

========================================================================
Received Import Request.
  Time since last request: 0.000202 seconds.
  path: Assets/PlayFabEditorExtensions/Editor/Scripts/Utils/PlayFabEditorVersion.cs
  artifactKey: Guid(24ef2cb033a5dfd4588226fe1447bf5a) Importer(2089858483,192608db42251d675da83286b1cce702)
Start importing Assets/PlayFabEditorExtensions/Editor/Scripts/Utils/PlayFabEditorVersion.cs using Guid(24ef2cb033a5dfd4588226fe1447bf5a) Importer(2089858483,192608db42251d675da83286b1cce702) (ScriptedImporter) -> (artifact id: '44abd8f21333b7d3aee86fe2179f2cb2') in 0.0178127 seconds
Number of updated asset objects reloaded before import = 0Number of asset objects unloaded after import = 0

========================================================================
Received Import Request.
  Time since last request: 0.000164 seconds.
  path: Assets/TextMesh Pro/Examples & Extras/Resources/Fonts & Materials/Roboto-Bold SDF - Surface.mat
  artifactKey: Guid(e6b276ec991f467aa14ef1f3cc665993) Importer(2089858483,192608db42251d675da83286b1cce702)
Start importing Assets/TextMesh Pro/Examples & Extras/Resources/Fonts & Materials/Roboto-Bold SDF - Surface.mat using Guid(e6b276ec991f467aa14ef1f3cc665993) Importer(2089858483,192608db42251d675da83286b1cce702) (ScriptedImporter) -> (artifact id: '67ec04b0165c58d2e49cb2dba66d9604') in 0.0255271 seconds
Number of updated asset objects reloaded before import = 0Number of asset objects unloaded after import = 2

========================================================================
Received Import Request.
  Time since last request: 0.000016 seconds.
  path: Assets/TextMesh Pro/Examples & Extras/Resources/Fonts & Materials/Anton SDF - Sunny Days.mat
  artifactKey: Guid(6522f30e342599e4e9dd4cc2cc03c830) Importer(2089858483,192608db42251d675da83286b1cce702)
Start importing Assets/TextMesh Pro/Examples & Extras/Resources/Fonts & Materials/Anton SDF - Sunny Days.mat using Guid(6522f30e342599e4e9dd4cc2cc03c830) Importer(2089858483,192608db42251d675da83286b1cce702) (ScriptedImporter) -> (artifact id: '813233c5209b93b891ea5a27f99b503a') in 0.0263788 seconds
Number of updated asset objects reloaded before import = 0Number of asset objects unloaded after import = 4

========================================================================
Received Import Request.
  Time since last request: 0.000139 seconds.
  path: Assets/TextMesh Pro/Examples & Extras/Textures/Small Crate_diffuse.jpg
  artifactKey: Guid(602cb87b6a29443b8636370ea0751574) Importer(2089858483,192608db42251d675da83286b1cce702)
Start importing Assets/TextMesh Pro/Examples & Extras/Textures/Small Crate_diffuse.jpg using Guid(602cb87b6a29443b8636370ea0751574) Importer(2089858483,192608db42251d675da83286b1cce702) (ScriptedImporter) -> (artifact id: '24d9f14658c6ee8eeb5c7cb7434c854e') in 0.0222235 seconds
Number of updated asset objects reloaded before import = 0Number of asset objects unloaded after import = 1

========================================================================
Received Import Request.
  Time since last request: 0.000176 seconds.
  path: Assets/TextMesh Pro/Examples & Extras/Scenes/15 - Inline Graphics & Sprites.unity
  artifactKey: Guid(e76e6c0f81964cbda3fe0b7d26ed8060) Importer(2089858483,192608db42251d675da83286b1cce702)
Start importing Assets/TextMesh Pro/Examples & Extras/Scenes/15 - Inline Graphics & Sprites.unity using Guid(e76e6c0f81964cbda3fe0b7d26ed8060) Importer(2089858483,192608db42251d675da83286b1cce702) (ScriptedImporter) -> (artifact id: 'a4fc2de8a71d0752e9bd77c20e7396fb') in 0.0303049 seconds
Number of updated asset objects reloaded before import = 0Number of asset objects unloaded after import = 1

========================================================================
Received Import Request.
  Time since last request: 3.029884 seconds.
  path: Assets/PlayFabSDK/Events/PlayFabEventsModels.cs
  artifactKey: Guid(9ee524faa41ee444ca207259e58e70a1) Importer(2089858483,192608db42251d675da83286b1cce702)
Start importing Assets/PlayFabSDK/Events/PlayFabEventsModels.cs using Guid(9ee524faa41ee444ca207259e58e70a1) Importer(2089858483,192608db42251d675da83286b1cce702) (ScriptedImporter) -> (artifact id: '12e7c32c4be6ed437797ed87f1173ec0') in 0.0253834 seconds
Number of updated asset objects reloaded before import = 0Number of asset objects unloaded after import = 0

========================================================================
Received Import Request.
  Time since last request: 0.000620 seconds.
  path: Assets/PlayFabSDK/Experimentation/PlayFabExperimentationInstanceAPI.cs
  artifactKey: Guid(ecc5b8d11fae41b4daaaf638349fdc78) Importer(2089858483,192608db42251d675da83286b1cce702)
Start importing Assets/PlayFabSDK/Experimentation/PlayFabExperimentationInstanceAPI.cs using Guid(ecc5b8d11fae41b4daaaf638349fdc78) Importer(2089858483,192608db42251d675da83286b1cce702) (ScriptedImporter) -> (artifact id: '1dcd2513ce6f56c02bbdc0202fff20d0') in 0.0207517 seconds
Number of updated asset objects reloaded before import = 0Number of asset objects unloaded after import = 0

========================================================================
Received Import Request.
  Time since last request: 0.000139 seconds.
  path: Assets/PlayFabSDK/Progression/PlayFabProgressionAPI.cs
  artifactKey: Guid(77a7d66f0cc99ad40a5068f8a1e2865f) Importer(2089858483,192608db42251d675da83286b1cce702)
Start importing Assets/PlayFabSDK/Progression/PlayFabProgressionAPI.cs using Guid(77a7d66f0cc99ad40a5068f8a1e2865f) Importer(2089858483,192608db42251d675da83286b1cce702) (ScriptedImporter) -> (artifact id: '93f9692d7ca24f3282df515d1fa488cb') in 0.0218482 seconds
Number of updated asset objects reloaded before import = 0Number of asset objects unloaded after import = 0

========================================================================
Received Import Request.
  Time since last request: 0.000351 seconds.
  path: Assets/PlayFabSDK/CloudScript/PlayFabCloudScriptInstanceAPI.cs
  artifactKey: Guid(ac313c777a2b7054e9632c96829e1f7d) Importer(2089858483,192608db42251d675da83286b1cce702)
Start importing Assets/PlayFabSDK/CloudScript/PlayFabCloudScriptInstanceAPI.cs using Guid(ac313c777a2b7054e9632c96829e1f7d) Importer(2089858483,192608db42251d675da83286b1cce702) (ScriptedImporter) -> (artifact id: 'b6773b9a001aeb222d73eb30f0481e01') in 0.0207827 seconds
Number of updated asset objects reloaded before import = 0Number of asset objects unloaded after import = 0

========================================================================
Received Import Request.
  Time since last request: 0.000164 seconds.
  path: Assets/PlayFabSDK/Progression
  artifactKey: Guid(24485793d5ba2d641b660ee9a48c06b3) Importer(2089858483,192608db42251d675da83286b1cce702)
Start importing Assets/PlayFabSDK/Progression using Guid(24485793d5ba2d641b660ee9a48c06b3) Importer(2089858483,192608db42251d675da83286b1cce702) (ScriptedImporter) -> (artifact id: '7b1b068fde08bcc15cc8b2b33e3d1fae') in 0.018058 seconds
Number of updated asset objects reloaded before import = 0Number of asset objects unloaded after import = 1

========================================================================
Received Import Request.
  Time since last request: 0.000097 seconds.
  path: Assets/PlayFabSDK/Data/PlayFabDataModels.cs
  artifactKey: Guid(3ab3048b1bd63d747b28b2fe0b181743) Importer(2089858483,192608db42251d675da83286b1cce702)
Start importing Assets/PlayFabSDK/Data/PlayFabDataModels.cs using Guid(3ab3048b1bd63d747b28b2fe0b181743) Importer(2089858483,192608db42251d675da83286b1cce702) (ScriptedImporter) -> (artifact id: '3795cae4d680c8c22d267734b4a91409') in 0.0182906 seconds
Number of updated asset objects reloaded before import = 0Number of asset objects unloaded after import = 0

========================================================================
Received Import Request.
  Time since last request: 0.000191 seconds.
  path: Assets/PlayFabSDK/Localization/PlayFabLocalizationAPI.cs
  artifactKey: Guid(ca10b96ef3ce52644a989907c77d047f) Importer(2089858483,192608db42251d675da83286b1cce702)
Start importing Assets/PlayFabSDK/Localization/PlayFabLocalizationAPI.cs using Guid(ca10b96ef3ce52644a989907c77d047f) Importer(2089858483,192608db42251d675da83286b1cce702) (ScriptedImporter) -> (artifact id: '4687195a91a683addf2b65c9a30a39da') in 0.0174142 seconds
Number of updated asset objects reloaded before import = 0Number of asset objects unloaded after import = 0

========================================================================
Received Import Request.
  Time since last request: 0.000200 seconds.
  path: Assets/PlayFabSDK/Progression/PlayFabEvents.cs
  artifactKey: Guid(0baf01ae0e5700e41a23409b4e548524) Importer(2089858483,192608db42251d675da83286b1cce702)
Start importing Assets/PlayFabSDK/Progression/PlayFabEvents.cs using Guid(0baf01ae0e5700e41a23409b4e548524) Importer(2089858483,192608db42251d675da83286b1cce702) (ScriptedImporter) -> (artifact id: '7100dd8bcd5c0be4ba2ec86c5b5ac274') in 0.0250389 seconds
Number of updated asset objects reloaded before import = 0Number of asset objects unloaded after import = 0

========================================================================
Received Import Request.
  Time since last request: 0.000193 seconds.
  path: Assets/PlayFabSDK/CloudScript/PlayFabEvents.cs
  artifactKey: Guid(ea444771567a8e747be86eb07cdef93a) Importer(2089858483,192608db42251d675da83286b1cce702)
Start importing Assets/PlayFabSDK/CloudScript/PlayFabEvents.cs using Guid(ea444771567a8e747be86eb07cdef93a) Importer(2089858483,192608db42251d675da83286b1cce702) (ScriptedImporter) -> (artifact id: '576d54e64b7bdc055017da90ec259514') in 0.0216061 seconds
Number of updated asset objects reloaded before import = 0Number of asset objects unloaded after import = 0

========================================================================
Received Import Request.
  Time since last request: 0.000169 seconds.
  path: Assets/PlayFabSDK/Localization/PlayFabLocalizationInstanceAPI.cs
  artifactKey: Guid(0e3a59c48c3c6fb45a9d83845b225dde) Importer(2089858483,192608db42251d675da83286b1cce702)
Start importing Assets/PlayFabSDK/Localization/PlayFabLocalizationInstanceAPI.cs using Guid(0e3a59c48c3c6fb45a9d83845b225dde) Importer(2089858483,192608db42251d675da83286b1cce702) (ScriptedImporter) -> (artifact id: 'a529182dc5200bd903d8424ae6e00862') in 0.018304 seconds
Number of updated asset objects reloaded before import = 0Number of asset objects unloaded after import = 0

========================================================================
Received Import Request.
  Time since last request: 0.000202 seconds.
  path: Assets/PlayFabSDK/Authentication
  artifactKey: Guid(14f4be27db90b5d408494e5a681a55f6) Importer(2089858483,192608db42251d675da83286b1cce702)
Start importing Assets/PlayFabSDK/Authentication using Guid(14f4be27db90b5d408494e5a681a55f6) Importer(2089858483,192608db42251d675da83286b1cce702) (ScriptedImporter) -> (artifact id: '3ead71520b368b2974e0564095f360fd') in 0.0147899 seconds
Number of updated asset objects reloaded before import = 0Number of asset objects unloaded after import = 1

========================================================================
Received Import Request.
  Time since last request: 0.000186 seconds.
  path: Assets/PlayFabSDK/Progression/PlayFabProgressionModels.cs
  artifactKey: Guid(98dd4b7b25d8a1c4481a206e643cb9e3) Importer(2089858483,192608db42251d675da83286b1cce702)
Start importing Assets/PlayFabSDK/Progression/PlayFabProgressionModels.cs using Guid(98dd4b7b25d8a1c4481a206e643cb9e3) Importer(2089858483,192608db42251d675da83286b1cce702) (ScriptedImporter) -> (artifact id: '8a6490c18a01f9f204851bbc5223a089') in 0.0185072 seconds
Number of updated asset objects reloaded before import = 0Number of asset objects unloaded after import = 0

========================================================================
Received Import Request.
  Time since last request: 0.000103 seconds.
  path: Assets/PlayFabSDK/link.xml
  artifactKey: Guid(dc2c3070dc174cc45a4aaf1a5e38263d) Importer(2089858483,192608db42251d675da83286b1cce702)
Start importing Assets/PlayFabSDK/link.xml using Guid(dc2c3070dc174cc45a4aaf1a5e38263d) Importer(2089858483,192608db42251d675da83286b1cce702) (ScriptedImporter) -> (artifact id: 'fe0d03aef9134c96799a351b8973add1') in 0.0153102 seconds
Number of updated asset objects reloaded before import = 0Number of asset objects unloaded after import = 1

========================================================================
Received Import Request.
  Time since last request: 0.000129 seconds.
  path: Assets/PlayFabSDK/Shared/Editor/PlayFablogo.png
  artifactKey: Guid(ec8f5065b10fb4f04bebf82a992c442e) Importer(2089858483,192608db42251d675da83286b1cce702)
Start importing Assets/PlayFabSDK/Shared/Editor/PlayFablogo.png using Guid(ec8f5065b10fb4f04bebf82a992c442e) Importer(2089858483,192608db42251d675da83286b1cce702) (ScriptedImporter) -> (artifact id: '2fa6a5c3ff15a4f2c45d18a18e6f655c') in 0.037819 seconds
Number of updated asset objects reloaded before import = 0Number of asset objects unloaded after import = 3

========================================================================
Received Import Request.
  Time since last request: 0.000040 seconds.
  path: Assets/PlayFabSDK/Profiles/PlayFabProfilesInstanceAPI.cs
  artifactKey: Guid(ef2cfc8d3e49a7e479e1fe8c2cf18478) Importer(2089858483,192608db42251d675da83286b1cce702)
Start importing Assets/PlayFabSDK/Profiles/PlayFabProfilesInstanceAPI.cs using Guid(ef2cfc8d3e49a7e479e1fe8c2cf18478) Importer(2089858483,192608db42251d675da83286b1cce702) (ScriptedImporter) -> (artifact id: '6f1b8ba4aad82d01f42877968ecd69c1') in 0.0148185 seconds
Number of updated asset objects reloaded before import = 0Number of asset objects unloaded after import = 0

========================================================================
Received Import Request.
  Time since last request: 0.000128 seconds.
  path: Assets/PlayFabSDK/Client/PlayFabDeviceUtil.cs
  artifactKey: Guid(dd4190ddf909a304eb43068a0caea903) Importer(2089858483,192608db42251d675da83286b1cce702)
Start importing Assets/PlayFabSDK/Client/PlayFabDeviceUtil.cs using Guid(dd4190ddf909a304eb43068a0caea903) Importer(2089858483,192608db42251d675da83286b1cce702) (ScriptedImporter) -> (artifact id: '219792dce93c8bc2cc81391de8f56f06') in 0.0133622 seconds
Number of updated asset objects reloaded before import = 0Number of asset objects unloaded after import = 0

========================================================================
Received Import Request.
  Time since last request: 0.000061 seconds.
  path: Assets/PlayFabSDK/Authentication/PlayFabEvents.cs
  artifactKey: Guid(5c3701fef92515c438633c5d41bf87c8) Importer(2089858483,192608db42251d675da83286b1cce702)
Start importing Assets/PlayFabSDK/Authentication/PlayFabEvents.cs using Guid(5c3701fef92515c438633c5d41bf87c8) Importer(2089858483,192608db42251d675da83286b1cce702) (ScriptedImporter) -> (artifact id: '503f385769180f83a8544b906b3d601c') in 0.0154227 seconds
Number of updated asset objects reloaded before import = 0Number of asset objects unloaded after import = 0

========================================================================
Received Import Request.
  Time since last request: 0.000158 seconds.
  path: Assets/PlayFabSDK/Shared/Internal
  artifactKey: Guid(91910e31dc88043ea918915ee9d665d9) Importer(2089858483,192608db42251d675da83286b1cce702)
Start importing Assets/PlayFabSDK/Shared/Internal using Guid(91910e31dc88043ea918915ee9d665d9) Importer(2089858483,192608db42251d675da83286b1cce702) (ScriptedImporter) -> (artifact id: '64f120b12fa4afc2528605175c6756f0') in 0.0167053 seconds
Number of updated asset objects reloaded before import = 0Number of asset objects unloaded after import = 1

========================================================================
Received Import Request.
  Time since last request: 0.000110 seconds.
  path: Assets/PlayFabSDK/Experimentation/PlayFabEvents.cs
  artifactKey: Guid(ad18b9280bb1a7f4c926eba4c1086b6e) Importer(2089858483,192608db42251d675da83286b1cce702)
Start importing Assets/PlayFabSDK/Experimentation/PlayFabEvents.cs using Guid(ad18b9280bb1a7f4c926eba4c1086b6e) Importer(2089858483,192608db42251d675da83286b1cce702) (ScriptedImporter) -> (artifact id: '1e28892df50ff4222fe4f44298d49d91') in 0.0168636 seconds
Number of updated asset objects reloaded before import = 0Number of asset objects unloaded after import = 0

========================================================================
Received Import Request.
  Time since last request: 0.000112 seconds.
  path: Assets/PlayFabSDK/Economy/PlayFabEconomyModels.cs
  artifactKey: Guid(9e420d6be63cf50498180c2df1199abc) Importer(2089858483,192608db42251d675da83286b1cce702)
Start importing Assets/PlayFabSDK/Economy/PlayFabEconomyModels.cs using Guid(9e420d6be63cf50498180c2df1199abc) Importer(2089858483,192608db42251d675da83286b1cce702) (ScriptedImporter) -> (artifact id: '93e3c12dcec69e4d25ff8523288ca42e') in 0.0140901 seconds
Number of updated asset objects reloaded before import = 0Number of asset objects unloaded after import = 0

========================================================================
Received Import Request.
  Time since last request: 0.000134 seconds.
  path: Assets/PlayFabSDK/Profiles/PlayFabProfilesAPI.cs
  artifactKey: Guid(04039b10ae9eebd46a8c4a5b401ea567) Importer(2089858483,192608db42251d675da83286b1cce702)
Start importing Assets/PlayFabSDK/Profiles/PlayFabProfilesAPI.cs using Guid(04039b10ae9eebd46a8c4a5b401ea567) Importer(2089858483,192608db42251d675da83286b1cce702) (ScriptedImporter) -> (artifact id: 'b0f20f9e3ebc0abfb6ddcb0805c7d73a') in 0.0164669 seconds
Number of updated asset objects reloaded before import = 0Number of asset objects unloaded after import = 0

========================================================================
Received Import Request.
  Time since last request: 0.000131 seconds.
  path: Assets/PlayFabSDK/Admin/PlayFabAdminInstanceAPI.cs
  artifactKey: Guid(942c3c5d808dfed49b4c4369cc282d49) Importer(2089858483,192608db42251d675da83286b1cce702)
Start importing Assets/PlayFabSDK/Admin/PlayFabAdminInstanceAPI.cs using Guid(942c3c5d808dfed49b4c4369cc282d49) Importer(2089858483,192608db42251d675da83286b1cce702) (ScriptedImporter) -> (artifact id: 'f97b1afa4b2c10a592a35ccf720068a2') in 0.0143451 seconds
Number of updated asset objects reloaded before import = 0Number of asset objects unloaded after import = 0

========================================================================
Received Import Request.
  Time since last request: 0.000085 seconds.
  path: Assets/PlayFabSDK/Shared/Models/SharedModels.cs
  artifactKey: Guid(8e2ad5324972b434883785ddddf9c851) Importer(2089858483,192608db42251d675da83286b1cce702)
Start importing Assets/PlayFabSDK/Shared/Models/SharedModels.cs using Guid(8e2ad5324972b434883785ddddf9c851) Importer(2089858483,192608db42251d675da83286b1cce702) (ScriptedImporter) -> (artifact id: 'c8e1f594bcecd247671735104de9f823') in 0.015948 seconds
Number of updated asset objects reloaded before import = 0Number of asset objects unloaded after import = 0

========================================================================
Received Import Request.
  Time since last request: 0.000148 seconds.
  path: Assets/PlayFabSDK/Localization/PlayFabLocalizationModels.cs
  artifactKey: Guid(772d6350724839b498944cab1b377fb5) Importer(2089858483,192608db42251d675da83286b1cce702)
Start importing Assets/PlayFabSDK/Localization/PlayFabLocalizationModels.cs using Guid(772d6350724839b498944cab1b377fb5) Importer(2089858483,192608db42251d675da83286b1cce702) (ScriptedImporter) -> (artifact id: 'fba483a5f3ad61ab3878030eeeaab802') in 0.0174905 seconds
Number of updated asset objects reloaded before import = 0Number of asset objects unloaded after import = 0

========================================================================
Received Import Request.
  Time since last request: 0.043065 seconds.
  path: Assets/PlayFabSDK/Client/PlayFabEvents.cs
  artifactKey: Guid(da33df462ae2fa04cb401398dc2b8a5d) Importer(2089858483,192608db42251d675da83286b1cce702)
Start importing Assets/PlayFabSDK/Client/PlayFabEvents.cs using Guid(da33df462ae2fa04cb401398dc2b8a5d) Importer(2089858483,192608db42251d675da83286b1cce702) (ScriptedImporter) -> (artifact id: '0b9d6daab47dbfda01342f8270285d5c') in 0.0162815 seconds
Number of updated asset objects reloaded before import = 0Number of asset objects unloaded after import = 0

========================================================================
Received Import Request.
  Time since last request: 0.000118 seconds.
  path: Assets/detalles/roto_10.asset
  artifactKey: Guid(81ad8b3be8a10a44899bc8266aaed28d) Importer(2089858483,192608db42251d675da83286b1cce702)
Start importing Assets/detalles/roto_10.asset using Guid(81ad8b3be8a10a44899bc8266aaed28d) Importer(2089858483,192608db42251d675da83286b1cce702) (ScriptedImporter) -> (artifact id: '75447ef7c9131e39e7fc375e15c866c9') in 0.0358146 seconds
Number of updated asset objects reloaded before import = 0Number of asset objects unloaded after import = 2

========================================================================
Received Import Request.
  Time since last request: 0.000156 seconds.
  path: Assets/detalles/arboles_18.asset
  artifactKey: Guid(5ba234f79e401624cb6fd542677779a2) Importer(2089858483,192608db42251d675da83286b1cce702)
Start importing Assets/detalles/arboles_18.asset using Guid(5ba234f79e401624cb6fd542677779a2) Importer(2089858483,192608db42251d675da83286b1cce702) (ScriptedImporter) -> (artifact id: '5fa8cc0ec61be0f98b159e257fd119c3') in 0.0213143 seconds
Number of updated asset objects reloaded before import = 0Number of asset objects unloaded after import = 2

========================================================================
Received Import Request.
  Time since last request: 0.000282 seconds.
  path: Assets/PlayFabSDK/Shared/Public/ISerializerPlugin.cs
  artifactKey: Guid(d33ec65e8a628fe44a4aa5c55289a16d) Importer(2089858483,192608db42251d675da83286b1cce702)
Start importing Assets/PlayFabSDK/Shared/Public/ISerializerPlugin.cs using Guid(d33ec65e8a628fe44a4aa5c55289a16d) Importer(2089858483,192608db42251d675da83286b1cce702) (ScriptedImporter) -> (artifact id: '07548098c759d52138efd74df279f404') in 0.0187939 seconds
Number of updated asset objects reloaded before import = 0Number of asset objects unloaded after import = 0

========================================================================
Received Import Request.
  Time since last request: 0.000106 seconds.
  path: Assets/detalles/roto_9.asset
  artifactKey: Guid(1c507a7c9a443374bbac90996bfabe26) Importer(2089858483,192608db42251d675da83286b1cce702)
Start importing Assets/detalles/roto_9.asset using Guid(1c507a7c9a443374bbac90996bfabe26) Importer(2089858483,192608db42251d675da83286b1cce702) (ScriptedImporter) -> (artifact id: '0b14bab85dea5513fdd2bbc4079a083c') in 0.0399067 seconds
Number of updated asset objects reloaded before import = 0Number of asset objects unloaded after import = 2

========================================================================
Received Import Request.
  Time since last request: 0.000145 seconds.
  path: Assets/ciudad/city-removebg-preview_12.asset
  artifactKey: Guid(2e5707031c6ba794ba7d0cbdbff85649) Importer(2089858483,192608db42251d675da83286b1cce702)
Start importing Assets/ciudad/city-removebg-preview_12.asset using Guid(2e5707031c6ba794ba7d0cbdbff85649) Importer(2089858483,192608db42251d675da83286b1cce702) (ScriptedImporter) -> (artifact id: '856ebcc0eb411b3e4bef578933df8bc6') in 0.0246126 seconds
Number of updated asset objects reloaded before import = 0Number of asset objects unloaded after import = 2

========================================================================
Received Import Request.
  Time since last request: 0.000041 seconds.
  path: Assets/PlayFabSDK/Shared/Public/PluginContract.cs
  artifactKey: Guid(2e25ec8533eb4fe4fa7d39cc8dcda24c) Importer(2089858483,192608db42251d675da83286b1cce702)
Start importing Assets/PlayFabSDK/Shared/Public/PluginContract.cs using Guid(2e25ec8533eb4fe4fa7d39cc8dcda24c) Importer(2089858483,192608db42251d675da83286b1cce702) (ScriptedImporter) -> (artifact id: 'b50f238c1ee65d773bee504e36b58482') in 0.0156925 seconds
Number of updated asset objects reloaded before import = 0Number of asset objects unloaded after import = 0

========================================================================
Received Import Request.
  Time since last request: 0.000196 seconds.
  path: Assets/detalles/arboles_32.asset
  artifactKey: Guid(1ef96cc132bbee64fa64337d265d5019) Importer(2089858483,192608db42251d675da83286b1cce702)
Start importing Assets/detalles/arboles_32.asset using Guid(1ef96cc132bbee64fa64337d265d5019) Importer(2089858483,192608db42251d675da83286b1cce702) (ScriptedImporter) -> (artifact id: '7abd4231e107f64b3594817b03243cf4') in 0.018731 seconds
Number of updated asset objects reloaded before import = 0Number of asset objects unloaded after import = 2

========================================================================
Received Import Request.
  Time since last request: 0.000406 seconds.
  path: Assets/carretera/192-racetrack-Divided_10.asset
  artifactKey: Guid(196c7a4d609e6314993bcefe7cf7003c) Importer(2089858483,192608db42251d675da83286b1cce702)
Start importing Assets/carretera/192-racetrack-Divided_10.asset using Guid(196c7a4d609e6314993bcefe7cf7003c) Importer(2089858483,192608db42251d675da83286b1cce702) (ScriptedImporter) -> (artifact id: '4b490eabfc39c78649c78fcd2f378f69') in 0.0224822 seconds
Number of updated asset objects reloaded before import = 0Number of asset objects unloaded after import = 2

========================================================================
Received Import Request.
  Time since last request: 0.000081 seconds.
  path: Assets/ciudad/city-removebg-preview_13.asset
  artifactKey: Guid(3eaf1ba189c8dd04fa760e3eeecf3f90) Importer(2089858483,192608db42251d675da83286b1cce702)
Start importing Assets/ciudad/city-removebg-preview_13.asset using Guid(3eaf1ba189c8dd04fa760e3eeecf3f90) Importer(2089858483,192608db42251d675da83286b1cce702) (ScriptedImporter) -> (artifact id: 'c96fd8b578bc23e8397779173097bd91') in 0.016436 seconds
Number of updated asset objects reloaded before import = 0Number of asset objects unloaded after import = 2

========================================================================
Received Import Request.
  Time since last request: 0.000162 seconds.
  path: Assets/PlayFabSDK/Shared/Internal/SimpleJson.cs
  artifactKey: Guid(bce6184794650f24fa8ac244b25edc17) Importer(2089858483,192608db42251d675da83286b1cce702)
Start importing Assets/PlayFabSDK/Shared/Internal/SimpleJson.cs using Guid(bce6184794650f24fa8ac244b25edc17) Importer(2089858483,192608db42251d675da83286b1cce702) (ScriptedImporter) -> (artifact id: 'ad9bae5914c24395870de369686d408b') in 0.0180231 seconds
Number of updated asset objects reloaded before import = 0Number of asset objects unloaded after import = 0

========================================================================
Received Import Request.
  Time since last request: 0.000192 seconds.
  path: Assets/carretera/192-racetrack-Divided_45.asset
  artifactKey: Guid(c8ee4cd209d62444c812ee9bc9fb47f6) Importer(2089858483,192608db42251d675da83286b1cce702)
Start importing Assets/carretera/192-racetrack-Divided_45.asset using Guid(c8ee4cd209d62444c812ee9bc9fb47f6) Importer(2089858483,192608db42251d675da83286b1cce702) (ScriptedImporter) -> (artifact id: 'fb1de9cd05be6767f13a1c0f548def11') in 0.0308427 seconds
Number of updated asset objects reloaded before import = 0Number of asset objects unloaded after import = 2

========================================================================
Received Import Request.
  Time since last request: 0.000073 seconds.
  path: Assets/terreno/f1_0.asset
  artifactKey: Guid(185298b7701a64649b3e19ffc7eac822) Importer(2089858483,192608db42251d675da83286b1cce702)
Start importing Assets/terreno/f1_0.asset using Guid(185298b7701a64649b3e19ffc7eac822) Importer(2089858483,192608db42251d675da83286b1cce702) (ScriptedImporter) -> (artifact id: 'c49badf9ad9fb6c2b13071bbe51b7b93') in 0.0197781 seconds
Number of updated asset objects reloaded before import = 0Number of asset objects unloaded after import = 2

========================================================================
Received Import Request.
  Time since last request: 0.000062 seconds.
  path: Assets/terreno/f4.png
  artifactKey: Guid(fa993f8127cd1fe4db2414847fab6b92) Importer(2089858483,192608db42251d675da83286b1cce702)
Start importing Assets/terreno/f4.png using Guid(fa993f8127cd1fe4db2414847fab6b92) Importer(2089858483,192608db42251d675da83286b1cce702) (ScriptedImporter) -> (artifact id: 'd6c7bcc08a5e2c23382e86889b5c5dec') in 0.0251013 seconds
Number of updated asset objects reloaded before import = 0Number of asset objects unloaded after import = 4

========================================================================
Received Import Request.
  Time since last request: 0.000053 seconds.
  path: Assets/ciudad/city-removebg-preview_7.asset
  artifactKey: Guid(ce55c7ddfffbc4c4ba1732bbce3dbd4d) Importer(2089858483,192608db42251d675da83286b1cce702)
Start importing Assets/ciudad/city-removebg-preview_7.asset using Guid(ce55c7ddfffbc4c4ba1732bbce3dbd4d) Importer(2089858483,192608db42251d675da83286b1cce702) (ScriptedImporter) -> (artifact id: '18d661e6bacb6b96a5095ec02db85af4') in 0.0192463 seconds
Number of updated asset objects reloaded before import = 0Number of asset objects unloaded after import = 2

========================================================================
Received Import Request.
  Time since last request: 0.000427 seconds.
  path: Assets/detalles/arboles_7.asset
  artifactKey: Guid(56e75552139a365489ac09883976f84c) Importer(2089858483,192608db42251d675da83286b1cce702)
Start importing Assets/detalles/arboles_7.asset using Guid(56e75552139a365489ac09883976f84c) Importer(2089858483,192608db42251d675da83286b1cce702) (ScriptedImporter) -> (artifact id: '4a572c44ad198f75873baad63ad82374') in 0.0180443 seconds
Number of updated asset objects reloaded before import = 0Number of asset objects unloaded after import = 2

========================================================================
Received Import Request.
  Time since last request: 0.000018 seconds.
  path: Assets/ciudad/city-removebg-preview_5.asset
  artifactKey: Guid(24580c9de17a633458af1c56d099da52) Importer(2089858483,192608db42251d675da83286b1cce702)
Start importing Assets/ciudad/city-removebg-preview_5.asset using Guid(24580c9de17a633458af1c56d099da52) Importer(2089858483,192608db42251d675da83286b1cce702) (ScriptedImporter) -> (artifact id: 'bacaf85b9341540013ec3fb756e2d964') in 0.0197477 seconds
Number of updated asset objects reloaded before import = 0Number of asset objects unloaded after import = 2

========================================================================
Received Import Request.
  Time since last request: 0.000035 seconds.
  path: Assets/ciudad/city-removebg-preview_17.asset
  artifactKey: Guid(187af97f54f2b95468428b919f4d2820) Importer(2089858483,192608db42251d675da83286b1cce702)
Start importing Assets/ciudad/city-removebg-preview_17.asset using Guid(187af97f54f2b95468428b919f4d2820) Importer(2089858483,192608db42251d675da83286b1cce702) (ScriptedImporter) -> (artifact id: 'd7698f18155ac2ddb8b18bcdff990034') in 0.022636 seconds
Number of updated asset objects reloaded before import = 0Number of asset objects unloaded after import = 2

========================================================================
Received Import Request.
  Time since last request: 0.000025 seconds.
  path: Assets/detalles/arboles_6.asset
  artifactKey: Guid(8c1920d2ff140144f891859eecf26d08) Importer(2089858483,192608db42251d675da83286b1cce702)
Start importing Assets/detalles/arboles_6.asset using Guid(8c1920d2ff140144f891859eecf26d08) Importer(2089858483,192608db42251d675da83286b1cce702) (ScriptedImporter) -> (artifact id: '37d6e8ce10bcfe343da034b980a6deec') in 0.0178018 seconds
Number of updated asset objects reloaded before import = 0Number of asset objects unloaded after import = 2

========================================================================
Received Import Request.
  Time since last request: 0.000103 seconds.
  path: Assets/scripts/ControldeCadaArma.cs
  artifactKey: Guid(eefa0a0c5e13cb94285be71f367bd768) Importer(2089858483,192608db42251d675da83286b1cce702)
Start importing Assets/scripts/ControldeCadaArma.cs using Guid(eefa0a0c5e13cb94285be71f367bd768) Importer(2089858483,192608db42251d675da83286b1cce702) (ScriptedImporter) -> (artifact id: '7640e024a7c87dc8815a3f025d11e347') in 0.0202668 seconds
Number of updated asset objects reloaded before import = 0Number of asset objects unloaded after import = 0

========================================================================
Received Import Request.
  Time since last request: 0.000107 seconds.
  path: Assets/scripts/ZombieBasico.cs
  artifactKey: Guid(b74943f354a926c43be5f801796ec931) Importer(2089858483,192608db42251d675da83286b1cce702)
Start importing Assets/scripts/ZombieBasico.cs using Guid(b74943f354a926c43be5f801796ec931) Importer(2089858483,192608db42251d675da83286b1cce702) (ScriptedImporter) -> (artifact id: '262cccc358eb751b8b0e396de368ff3d') in 0.0178456 seconds
Number of updated asset objects reloaded before import = 0Number of asset objects unloaded after import = 0

========================================================================
Received Import Request.
  Time since last request: 0.000130 seconds.
  path: Assets/detalles/detalles (1).png
  artifactKey: Guid(15ffd6e58f588f742af882dadf07a318) Importer(2089858483,192608db42251d675da83286b1cce702)
Start importing Assets/detalles/detalles (1).png using Guid(15ffd6e58f588f742af882dadf07a318) Importer(2089858483,192608db42251d675da83286b1cce702) (ScriptedImporter) -> (artifact id: '28acf4734f8bcb04b59fdbfc46c747ef') in 0.0266492 seconds
Number of updated asset objects reloaded before import = 0Number of asset objects unloaded after import = 1

========================================================================
Received Import Request.
  Time since last request: 0.000123 seconds.
  path: Assets/detalles/roto.png
  artifactKey: Guid(54937a28915b65f4280a4d5614ea73be) Importer(2089858483,192608db42251d675da83286b1cce702)
Start importing Assets/detalles/roto.png using Guid(54937a28915b65f4280a4d5614ea73be) Importer(2089858483,192608db42251d675da83286b1cce702) (ScriptedImporter) -> (artifact id: 'c0b1df0b9dd8b30d25b6da690774bc9e') in 0.0450985 seconds
Number of updated asset objects reloaded before import = 0Number of asset objects unloaded after import = 24

========================================================================
Received Import Request.
  Time since last request: 0.000019 seconds.
  path: Assets/personajes_armas/personaje_pistola_1.png
  artifactKey: Guid(37266f4707b52e440a91d7ab85476a68) Importer(2089858483,192608db42251d675da83286b1cce702)
Start importing Assets/personajes_armas/personaje_pistola_1.png using Guid(37266f4707b52e440a91d7ab85476a68) Importer(2089858483,192608db42251d675da83286b1cce702) (ScriptedImporter) -> (artifact id: '6114255118975ea951b2e3936fdfb34b') in 0.0311771 seconds
Number of updated asset objects reloaded before import = 0Number of asset objects unloaded after import = 5

========================================================================
Received Import Request.
  Time since last request: 0.000048 seconds.
  path: Assets/carretera/192-racetrack-Divided_0.asset
  artifactKey: Guid(91b3fd6aec25cf34c81130c3c5dcecd7) Importer(2089858483,192608db42251d675da83286b1cce702)
Start importing Assets/carretera/192-racetrack-Divided_0.asset using Guid(91b3fd6aec25cf34c81130c3c5dcecd7) Importer(2089858483,192608db42251d675da83286b1cce702) (ScriptedImporter) -> (artifact id: 'b40526744ff27824c69fdaaea62c94ac') in 0.020023 seconds
Number of updated asset objects reloaded before import = 0Number of asset objects unloaded after import = 2

========================================================================
Received Import Request.
  Time since last request: 0.000094 seconds.
  path: Assets/scripts/MoneyTextUpdater.cs
  artifactKey: Guid(66fcdde0fb89d4545b1872724a575252) Importer(2089858483,192608db42251d675da83286b1cce702)
Start importing Assets/scripts/MoneyTextUpdater.cs using Guid(66fcdde0fb89d4545b1872724a575252) Importer(2089858483,192608db42251d675da83286b1cce702) (ScriptedImporter) -> (artifact id: 'b4ff5ea2a4605e62bbec20fc32858525') in 0.016523 seconds
Number of updated asset objects reloaded before import = 0Number of asset objects unloaded after import = 0

========================================================================
Received Import Request.
  Time since last request: 0.000374 seconds.
  path: Assets/scripts/Zombie.cs
  artifactKey: Guid(915970c4c0fe6ce43854c9786eb488d9) Importer(2089858483,192608db42251d675da83286b1cce702)
Start importing Assets/scripts/Zombie.cs using Guid(915970c4c0fe6ce43854c9786eb488d9) Importer(2089858483,192608db42251d675da83286b1cce702) (ScriptedImporter) -> (artifact id: '8944eb2ffe8a44bb5edc51210ea50803') in 0.0174593 seconds
Number of updated asset objects reloaded before import = 0Number of asset objects unloaded after import = 0

Editor requested this worker to shutdown with reason: Scaling down because of idle timeout
AssetImportWorker is now disconnected from the server
Process exiting
Exiting without the bug reporter. Application will terminate with return code 0